<?xml version="1.0" encoding="UTF-8"?>
<!-- Generated by org.testng.reporters.JUnitXMLReporter -->
<testsuite ignored="1" hostname="IdeaPadSlim5" failures="0" tests="2" name="Default test(failed)" time="2.378" errors="0" timestamp="2025-03-20T01:51:59 IST">
  <testcase classname="TestNGSelenium_Class47.TestNGFirstClass" name="VerifyTitle" time="0.011"/>
  <testcase classname="TestNGSelenium_Class47.TestNGFirstClass" name="VerifyURL" time="0.009"/>
  <testcase classname="TestNGSelenium_Class47.TestNGFirstClass" name="VerifyFooterLinks" time="0.0">
    <ignored/>
  </testcase> <!-- VerifyFooterLinks -->
</testsuite> <!-- Default test(failed) -->
