<?xml version="1.0" encoding="UTF-8"?>
<!-- Generated by org.testng.reporters.JUnitXMLReporter -->
<testsuite ignored="0" hostname="IdeaPadSlim5" failures="0" tests="2" name="ParallelTestingHRM_FireFox" time="17.137" errors="0" timestamp="2025-03-31T14:10:09 IST">
  <testcase classname="ParametersTestNG_Class48.Assignment_CrossBrowserTestingOrangeHRM" name="loginHRM" time="3.973"/>
  <testcase classname="ParametersTestNG_Class48.Assignment_CrossBrowserTestingOrangeHRM" name="logoutHRM" time="5.26"/>
</testsuite> <!-- ParallelTestingHRM_FireFox -->
