<?xml version="1.0" encoding="UTF-8"?>
<!-- Generated by org.testng.reporters.JUnitXMLReporter -->
<testsuite ignored="0" hostname="IdeaPadSlim5" failures="0" tests="2" name="ParallelTestingHRM_Chrome" time="13.66" errors="0" timestamp="2025-03-31T14:10:06 IST">
  <testcase classname="ParametersTestNG_Class48.Assignment_CrossBrowserTestingOrangeHRM" name="loginHRM" time="3.834"/>
  <testcase classname="ParametersTestNG_Class48.Assignment_CrossBrowserTestingOrangeHRM" name="logoutHRM" time="5.066"/>
</testsuite> <!-- ParallelTestingHRM_Chrome -->
