<?xml version="1.0" encoding="UTF-8"?>
<!-- Generated by org.testng.reporters.JUnitXMLReporter -->
<testsuite ignored="0" hostname="IdeaPadSlim5" failures="0" tests="3" name="CrossBrowserTesting2" time="1.386" errors="0" timestamp="2025-03-30T20:57:27 IST">
  <testcase classname="TestNGSelenium_Class47.TestNGFirstClass" name="VerifyFooterLinks" time="0.016"/>
  <testcase classname="TestNGSelenium_Class47.TestNGFirstClass" name="VerifyTitle" time="0.007"/>
  <testcase classname="TestNGSelenium_Class47.TestNGFirstClass" name="VerifyURL" time="0.009"/>
</testsuite> <!-- CrossBrowserTesting2 -->
