<?xml version="1.0" encoding="UTF-8"?>
<!-- Generated by org.testng.reporters.JUnitXMLReporter -->
<testsuite ignored="1" hostname="IdeaPadSlim5" failures="0" tests="2" name="CrossBrowserEdge" time="5.397" errors="0" timestamp="2025-03-31T11:55:55 IST">
  <testcase classname="TestNGSelenium_Class47.TestNGFirstClass" name="VerifyURL" time="0.091"/>
  <testcase classname="TestNGSelenium_Class47.TestNGFirstClass" name="VerifyTitle" time="0.018"/>
  <testcase classname="TestNGSelenium_Class47.TestNGFirstClass" name="VerifyFooterLinks" time="0.0">
    <ignored/>
  </testcase> <!-- VerifyFooterLinks -->
</testsuite> <!-- CrossBrowserEdge -->
