<?xml version="1.0" encoding="UTF-8"?>
<!-- Generated by org.testng.reporters.JUnitXMLReporter -->
<testsuite ignored="0" hostname="IdeaPadSlim5" failures="0" tests="2" name="CrossBrowserTestingHRM3" time="13.952" errors="0" timestamp="2025-03-31T13:54:41 IST">
  <testcase classname="ParametersTestNG_Class48.Assignment_CrossBrowserTestingOrangeHRM" name="loginHRM" time="2.465"/>
  <testcase classname="ParametersTestNG_Class48.Assignment_CrossBrowserTestingOrangeHRM" name="logoutHRM" time="4.839"/>
</testsuite> <!-- CrossBrowserTestingHRM3 -->
