<?xml version="1.0" encoding="UTF-8"?>
<!-- Generated by org.testng.reporters.JUnitXMLReporter -->
<testsuite ignored="0" hostname="IdeaPadSlim5" failures="0" tests="2" name="CrossBrowserTestingHRM1" time="12.081" errors="0" timestamp="2025-03-31T13:54:12 IST">
  <testcase classname="ParametersTestNG_Class48.Assignment_CrossBrowserTestingOrangeHRM" name="loginHRM" time="2.486"/>
  <testcase classname="ParametersTestNG_Class48.Assignment_CrossBrowserTestingOrangeHRM" name="logoutHRM" time="4.874"/>
</testsuite> <!-- CrossBrowserTestingHRM1 -->
