<?xml version="1.0" encoding="UTF-8"?>
<!-- Generated by org.testng.reporters.JUnitXMLReporter -->
<testsuite ignored="0" hostname="IdeaPadSlim5" failures="0" tests="4" name="TestNGAssignment1_Class47" time="18.322" errors="0" timestamp="2025-03-30T15:58:09 IST">
  <testcase classname="InegrateSeleniumTestNGAssignment_Class47.LoginLogoutSceanrio_Class47" name="loginWithValidSceanrio" time="2.715"/>
  <testcase classname="InegrateSeleniumTestNGAssignment_Class47.LoginLogoutSceanrio_Class47" name="logoutFromApplication" time="2.445"/>
  <testcase classname="InegrateSeleniumTestNGAssignment_Class47.RegisterNewUser" name="registerNewUserWithValidDetails" time="4.796"/>
  <testcase classname="InegrateSeleniumTestNGAssignment_Class47.RegisterNewUser" name="loginWithNewUser" time="5.319"/>
</testsuite> <!-- TestNGAssignment1_Class47 -->
