<?xml version="1.0" encoding="UTF-8"?>
<!-- Generated by org.testng.reporters.JUnitXMLReporter -->
<testsuite ignored="0" hostname="IdeaPadSlim5" failures="0" tests="2" name="Freelance_RegressionTestScearios(failed)" time="0.043" errors="0" timestamp="2025-03-26T23:24:57 IST">
  <testcase classname="TestNG_Class46.TestNGExample4" name="login" time="0.006"/>
  <testcase classname="TestNG_Class46.TestNGExample4" name="logout" time="0.0"/>
</testsuite> <!-- Freelance_RegressionTestScearios(failed) -->
