<?xml version="1.0" encoding="UTF-8"?>
<!-- Generated by org.testng.reporters.JUnitXMLReporter -->
<testsuite ignored="0" hostname="IdeaPadSlim5" failures="0" tests="8" name="Freelance_RegressionTestScearios" time="0.023" errors="0" timestamp="2025-03-26T23:26:18 IST">
  <testcase classname="TestNG_Class46.TestNGExample4" name="login" time="0.004"/>
  <testcase classname="TestNG_Class46.TestNGExample4" name="logout" time="0.001"/>
  <testcase classname="TestNG_Class46.TestNGExample3" name="test1" time="0.002"/>
  <testcase classname="TestNG_Class46.TestNGExample3" name="test2" time="0.001"/>
  <testcase classname="TestNG_Class46.TestNGExample3" name="test3" time="0.0"/>
  <testcase classname="TestNG_Class46.TestNGExample3" name="test4" time="0.001"/>
  <testcase classname="TestNG_Class46.TestNGExample3" name="test5" time="0.001"/>
  <testcase classname="TestNG_Class46.TestNGExample3" name="test6" time="0.001"/>
</testsuite> <!-- Freelance_RegressionTestScearios -->
