<?xml version="1.0" encoding="UTF-8"?>
<!-- Generated by org.testng.reporters.JUnitXMLReporter -->
<testsuite ignored="0" hostname="IdeaPadSlim5" failures="0" tests="5" name="Freelance_E2ETestScearios" time="0.01" errors="0" timestamp="2025-03-26T23:26:18 IST">
  <testcase classname="TestNG_Class46.TestNGExample5" name="test4" time="0.0"/>
  <testcase classname="TestNG_Class46.TestNGExample5" name="test1" time="0.001"/>
  <testcase classname="TestNG_Class46.TestNGExample5" name="Test3" time="0.0"/>
  <testcase classname="TestNG_Class46.TestNGExample5" name="test2" time="0.001"/>
  <testcase classname="TestNG_Class46.TestNGExample5" name="test5" time="0.001"/>
</testsuite> <!-- Freelance_E2ETestScearios -->
