<?xml version="1.0" encoding="UTF-8"?>
<!-- Generated by org.testng.reporters.JUnitXMLReporter -->
<testsuite ignored="0" hostname="IdeaPadSlim5" failures="0" tests="3" name="Freelance smoke sceanrios" time="2.831" errors="0" timestamp="2025-03-20T01:36:46 IST">
  <testcase classname="TestNGSelenium_Class47.TestNGFirstClass" name="VerifyFooterLinks" time="0.055"/>
  <testcase classname="TestNGSelenium_Class47.TestNGFirstClass" name="VerifyTitle" time="0.013"/>
  <testcase classname="TestNGSelenium_Class47.TestNGFirstClass" name="VerifyURL" time="0.016"/>
</testsuite> <!-- Freelance smoke sceanrios -->
