<?xml version="1.0" encoding="UTF-8"?>
<!-- Generated by org.testng.reporters.JUnitXMLReporter -->
<testsuite ignored="1" hostname="IdeaPadSlim5" failures="0" tests="5" name="Freelance_SmokeTestScearios" time="0.048" errors="0" timestamp="2025-03-26T23:26:18 IST">
  <testcase classname="TestNG_Class46.TestNGExample2" name="loginapp" time="0.006"/>
  <testcase classname="TestNG_Class46.TestNGExample2" name="logOut" time="0.001"/>
  <testcase classname="TestNG_Class46.IntroductionToTestNG" name="test1" time="0.001"/>
  <testcase classname="TestNG_Class46.IntroductionToTestNG" name="test2" time="0.001"/>
  <testcase classname="TestNG_Class46.IntroductionToTestNG" name="test3" time="0.001"/>
  <testcase classname="TestNG_Class46.TestNGExample2" name="makPayment" time="0.0">
    <ignored/>
  </testcase> <!-- makPayment -->
</testsuite> <!-- Freelance_SmokeTestScearios -->
